 B-car_name B-car_model B-attr_slot B-attr_value O
 O B-car_name O B-attr_value O O B-attr_slot
 B-car_name B-car_model O O O O O B-recommend O O O O O
 B-car_brand O O O B-attr_value O O B-attr_slot O O O O B-car_name B-car_name B-car_name B-car_name B-car_name B-car_name
 B-car_name B-car_model B-car_name B-car_model O B-car_name B-car_model O O B-compare_slot B-compare
 B-car_name B-car_model O O O B-attr_value O
 B-car_model O B-car_name O B-attr_value
 O O B-compare O O O O O B-car_brand B-car_brand B-car_brand B-car_brand B-car_brand
 B-car_model B-car_model O O O B-compare O O
 B-car_name B-car_model O B-recommend O
 B-compare_from I-compare_from O B-compare_to I-compare_to O B-compare O O
 B-car_name B-car_model O B-car_name B-car_model O B-compare
 B-car_name B-car_model B-attr_value O O B-attr_value
 B-car_brand B-car_name O O B-attr_slot O O
 B-car_name B-car_model O O B-recommend
 B-car_name O B-attr_value O O B-attr_slot O
 B-car_name B-car_model B-review O
 B-car_model O O O O B-review
 B-car_name B-attr_slot O B-car_name B-attr_slot O B-compare O O O O
 B-car_name B-car_model O B-car_name B-car_model O O B-compare
 B-car_name B-car_model B-car_name B-car_model B-car_name B-car_model O B-compare
 B-car_name O O B-attr_value O O
 B-car_name B-car_model O B-car_name O B-compare
 B-car_name B-car_model O B-car_name B-car_model O O O B-compare O
 B-car_name B-car_model O B-car_name B-car_model O B-compare
 B-car_name B-car_model O B-car_name B-car_model B-attr_value O O B-compare
 B-car_model B-car_name B-car_model B-attr_value O B-attr_value O B-compare
 O O O B-other O O O O
 B-car_brand B-car_name B-car_model B-review O
 B-car_name B-car_model O B-other O O
 B-car_name B-car_model O B-car_model O B-compare
 O B-review O B-attr_value B-car_name B-car_model
 O B-car_name B-car_model O O B-attr_value
 B-car_model O B-recommend O
 O O O B-car_name B-car_model O B-attr_value O O
 B-car_name O B-car_model O B-car_name O B-car_model O B-compare
 B-car_brand B-car_name B-car_model O B-attr_value
 B-car_brand O B-car_name B-car_model B-review
 B-car_name B-car_model O O B-other B-attr_value  O O O
 B-car_brand O B-car_name O B-attr_value  O O O
 B-car_name O B-car_name O B-compare
 O O O O B-car_name B-car_model O B-car_name B-car_model B-recommend I-recommend
 B-car_brand B-car_name B-car_model O B-review
 B-car_brand B-car_name O B-car_name B-car_model O O
 B-car_name B-car_model O B-attr_slot O B-attr_slot O O
 B-car_name O O O B-attr_value O O O
 B-car_name B-car_model O B-car_name B-car_model O O B-compare
 B-car_brand B-car_name O O B-compare O B-compare O O
 B-car_name B-car_model O O B-attr_value
 B-car_model O B-car_name O O O O O
 B-car_model B-car_name B-car_model O B-car_name B-car_model O O B-compare O
 B-car_name B-car_model O B-car_name B-car_model O O B-compare
 O O B-car_name O B-car_model O O O O B-attr_value B-review  O O B-attr_value O O B-attr_value O O B-attr_value O
 B-car_name O B-attr_value B-review
 B-car_name O O B-attr_value O O O
 B-car_name B-car_model O B-attr_value
 B-car_name B-car_model B-car_name B-car_model O B-attr_slot
 B-car_name O O B-review
 B-car_name B-car_model O O B-review O O O
 B-car_model O B-car_name B-car_model O O O B-attr_slot
 B-car_model B-car_name B-car_model B-car_model B-car_model O O B-review O O O O B-attr_value O O O O
 B-car_model O B-attr_value B-compare
 B-car_name B-car_model O O B-attr_value O O
 B-car_name B-car_model B-review
 B-price_from O B-price_to O O O B-attr_value O O O O O O O O O O O O O O O O
 B-car_name O B-attr_value O
 B-car_model B-car_name B-car_model B-attr_slot O B-price O O O
 B-price_to O O O O O O B-recommend
 B-car_name O B-car_name O O B-compare
 B-car_name B-car_model B-attr_slot O O B-compare
 B-car_name O B-car_model B-compare
 B-car_name B-car_model O O O B-attr_slot
 O O B-car_name O O B-attr_value O O
 B-car_name B-car_model O O B-attr_slot
 B-car_name O B-car_name B-car_model O B-compare
 B-car_name B-car_model O B-attr_slot O B-attr_value O O
 B-car_name  B-car_model I-car_model O O B-attr_slot O
 B-car_name B-car_model O O O O O B-attr_slot O B-attr_slot
 O O O B-car_name B-car_model O O O O O B-attr_slot O O B-attr_slot O
 B-car_name B-car_model O O O B-attr_slot O O
 B-car_name B-car_model B-review O
 B-car_name O O O O O B-attr_slot
 B-car_name O O B-attr_value O B-attr_value O B-compare
 O B-car_name B-car_model O B-attr_slot B-attr_slot O O O B-compare
 B-car_name B-car_model O B-car_model O O B-compare
 O B-car_name B-car_model O B-attr_value O O O O B-attr_slot O O
 B-car_model O B-car_name B-car_model I-car_model B-attr_slot O
 B-car_name B-car_model O B-car_name B-car_model O B-compare
 O O O O B-price O O B-attr_value I-attr_value B-attr_value O O B-user_value O O O B-compare O O O O
 B-car_name B-car_model O B-attr_value O B-attr_value O
 B-user_value O B-car_model O O O B-compare
 B-car_name O B-car_name B-car_model B-car_name B-car_model O B-compare
 B-car_name B-car_model O B-car_name B-car_model O B-attr_slot O B-attr_slot
 B-car_name B-car_model O O B-attr_slot
 B-car_name B-car_model O B-car_name B-car_model O B-compare
 O O O O O O B-compare O B-car_name B-car_model O O B-car_model
 B-car_name B-car_model O B-car_name B-car_model O B-compare O
 B-car_name B-car_model B-attr_value O B-attr_value O B-compare
 B-car_name B-car_model O O O B-attr_slot O O
 B-car_name O O O
 O O O B-car_name B-car_model B-car_model B-compare O O
 B-car_name B-car_model O B-car_model O B-review O  O O O O O O O O O O O O O O O
 B-car_name B-car_model O B-car_name B-car_model O B-compare B-review O
 B-car_model I-car_model O B-car_name O B-attr_value
 B-car_name B-car_model O B-attr_slot B-review
 O O O B-car_name B-car_model O B-car_name B-car_model O O
 B-car_name B-car_model O O B-car_name B-car_model O O O
 B-car_name O O O O O O O O O B-car_name O O O O O O O O
 B-car_name B-car_model O O B-attr_slot
 B-car_name B-car_model O B-car_name B-car_model O B-compare O B-review I-review O O O
 B-car_model O O B-car_name B-car_model O B-attr_slot O O O O
 B-car_name B-car_model O O B-car_name B-car_model O O B-car_name B-car_model O O
 B-car_name B-car_model I-car_model O B-review
 B-car_name B-car_model O B-car_name B-car_model O B-compare
 B-car_model B-car_name O B-car_model O B-attr_slot O
 B-car_name O B-attr_value O O
 B-attr_value B-car_model B-attr_value O O B-attr_slot O O
 O B-car_name O O B-review O O
 B-car_name B-car_model O O O O O O O O O
 O B-car_name B-attr_value B-attr_slot
 B-car_name B-car_model O B-car_model O O B-compare
 O O O B-attr_value I-attr_value O O O B-car_name O B-attr_slot B-review O
 B-car_brand B-car_model O B-price_from B-price_to O O O O
 B-car_brand B-car_name B-car_model O O O O
 B-car_name B-car_model O B-car_name B-car_model O B-compare
 B-car_name B-car_model O B-car_name B-car_model B-attr_value I-attr_value O O B-compare O
 B-car_name O O B-attr_slot O O O O O
 B-car_name O B-car_name O B-car_name B-car_model O B-compare O O B-attr_value O
 B-car_name O B-car_name O O B-compare
 B-car_name B-car_model O B-car_name B-car_model O B-compare
 B-car_name B-car_model O O B-attr_slot B-review
 B-car_name B-car_model B-attr_slot O O O O
 B-car_name B-car_model I-car_model B-attr_slot O O O
 B-car_name B-car_model B-review
 B-car_name O O B-review
 B-car_model O B-car_name O O O B-attr_slot
 B-car_name O B-car_model B-attr_slot B-review
 B-car_name B-car_model B-car_name O B-car_name B-car_model O O O O O O O B-compare O O O O O O O
 B-car_model O B-car_model O B-compare
 B-car_name O B-car_name O O B-attr_slot O O
 B-car_name B-car_model B-review
 B-car_name O B-compare B-car_name B-car_model O
 B-car_name B-car_model O O B-attr_slot B-review O
 O B-car_name B-car_model O O B-attr_slot
 B-car_name B-car_model I-car_model O B-review B-car_model O
 B-car_brand B-car_name B-car_model O B-attr_slot  B-attr_slot B-review
 B-car_name B-car_model O B-car_name O O B-compare
 B-car_model O B-attr_value B-car_name O B-attr_slot I-attr_slot O O
 B-price O O O O O B-recommend
 O O O B-car_name B-car_model O O O O O B-attr_slot B-review
 O B-car_name B-car_model B-attr_slot B-review
 B-car_name B-car_model O B-compare B-car_name B-car_model O
 B-car_name B-car_model  B-car_name B-car_model O B-car_name B-car_model O O B-compare O O O O O O B-attr_value O
 B-attr_value O B-car_name O O B-car_name O O B-compare
 O B-car_model O O B-car_name B-car_model O B-attr_value O B-attr_value
 O O O B-car_name B-car_model O O O B-attr_slot O O O O O O O O O B-user_value I-user_value O B-recommend O O O
 B-car_name B-car_model O O B-attr_slot
 B-car_name B-car_model I-car_model I-car_model B-car_name B-car_model O B-attr_value
 B-car_name O B-attr_value O
 B-car_brand B-car_name O B-review O
 B-car_brand B-car_name O B-car_name B-car_model O O B-attr_value O B-attr_value O O B-compare
 B-car_brand B-car_name B-attr_slot
 O B-car_name B-car_model O O B-attr_value O O B-attr_value
 B-car_name B-car_model O O B-attr_slot I-attr_slot B-review O O O
 B-car_brand B-car_name O O O B-car_model B-attr_slot O B-attr_slot O O O O O
 B-car_name B-car_model O O O B-attr_slot O B-attr_slot O
 B-car_name O B-review  B-review O O
 B-car_name O B-car_name B-car_model O B-compare
 B-car_name B-car_model B-car_name O B-car_model B-car_name B-car_model B-car_name B-car_model O O O O B-attr_slot O O
 B-car_name O O B-attr_slot O O O
 B-car_model B-car_model B-car_model B-car_model B-car_model O O B-compare
 B-car_name O O B-car_name B-car_model O O B-price_to O O O O O O O O
 B-car_name B-car_model O B-attr_slot B-review  B-attr_slot O
 B-car_name B-car_model O O O O B-car_name B-car_model B-car_name B-car_model B-car_name B-car_model O O O
 O B-car_name B-car_model O O O B-review
 O O O B-car_name B-car_model O O B-attr_value O B-attr_slot
 B-car_name B-car_model O B-attr_value B-attr_value O B-attr_slot
 B-car_name O O O O B-attr_slot O O O B-car_name O O O
 O O O B-price_from O B-price_to O O O O O O B-price_to O O O O O
 B-car_name O B-car_model O B-car_model O B-attr_slot O O
 B-car_name O B-attr_slot
 B-car_name B-car_model O B-review
 B-car_name O B-car_model O O O
 B-car_name O O B-attr_slot
 B-car_model B-car_name B-car_model O B-attr_slot O
 O B-car_name B-car_model O B-car_model O O O B-attr_slot O O O B-compare
 B-car_name O B-attr_value B-car_model O
 B-car_name B-car_model B-car_name B-car_model B-car_name B-car_model O O B-compare
 B-car_name O B-car_name O O B-attr_value O B-attr_value O
 B-car_name B-car_model O B-attr_value O
 B-car_name B-car_model O B-car_model B-attr_slot O O B-attr_slot B-review
 B-car_name O O B-attr_slot O O
 B-car_name B-car_model O O B-attr_slot O
 O O B-car_model  B-car_name O O
 B-car_name B-car_model O O B-attr_slot
 B-car_name B-car_model O B-car_model O B-compare O
 B-car_name O B-car_name O O B-attr_slot O B-attr_slot O O
 B-car_name O B-car_name B-car_model O O B-compare
 B-car_name B-car_model I-car_model I-car_model O O B-attr_slot O O
 B-car_name B-car_model O O B-attr_slot O O
 B-car_name B-car_model B-attr_slot O B-car_brand B-car_name O O O O O O O
 B-car_model B-car_model O O B-attr_slot O O O
 B-car_model B-car_name B-car_model O O O O O O B-compare
 B-car_name B-car_model O O B-compare O
 B-car_name B-car_model O B-attr_slot O O
 O B-car_name O B-car_name O B-car_name O O
 O O O O B-attr_slot O
 B-car_name B-car_model O O O
 B-car_name O B-car_model O B-car_name O O O O
 O B-car_name B-car_model O B-car_model O O B-compare
 O B-car_model O O O B-attr_slot
 B-price_from O B-price_to O O O O O
 B-car_name B-car_model I-car_model O B-car_model O O O B-compare O O O
 B-car_model B-car_name B-car_model O O O B-attr_slot
 B-car_name B-car_model O B-car_model O B-compare
 B-car_name O O O O O B-attr_slot O
 B-car_name B-car_model O O O O O B-attr_slot
 O O O O O O O O O B-car_name B-car_model O B-car_name B-car_name B-compare O
 O B-attr_slot O O O O B-car_name B-car_model O O B-attr_value B-attr_value O B-attr_value O O
 O O O O O B-price O O O O O O O O O O O B-recommend
 B-car_name B-car_model B-review
 B-car_name B-car_model O B-car_name B-car_model O B-compare
 O B-car_name B-car_name B-car_name B-car_model O O B-attr_slot
 O O O O O O O O
 O B-price O O B-car_name O O O O B-attr_slot O O O O
 B-car_name B-car_model B-attr_slot O O O
 O O O B-car_name O O B-attr_slot O
 O B-car_name B-car_model I-car_model I-car_model B-review O O B-attr_slot O
 O O O O B-car_name B-car_model I-car_model O O O
 B-car_name B-car_model O B-car_name O O B-attr_slot B-attr_slot B-compare
 O O O O O O B-car_name O B-car_name B-car_name O O
 O O B-car_name B-car_model I-car_model
 O O O O B-car_model O B-car_model O O O O O O O O O O O O O O O O O O O O O
 O B-car_name B-car_model I-car_model O O I-car_model O O B-compare O O O B-attr_slot B-review O O O O
 O O O O B-car_name B-car_model O O O O
 O B-car_name B-car_model O O O O
 B-price O O O O B-recommend
 B-car_name B-car_model O O O O B-compare
 O O O B-car_name B-car_model O O O O B-attr_slot
 O O O O O O O O B-attr_value O O O B-attr_slot O O O O O
 B-car_name B-car_model I-car_model B-review
 B-car_model B-car_name O O O
 O O O B-price O O O O O O B-car_name B-car_model B-car_name B-car_model O B-car_name B-car_model O O O O O O O O O B-attr_slot O
 B-car_name B-car_model O B-car_model O O
 O B-car_model O B-attr_value O B-attr_slot
 O O B-car_name B-car_model O B-car_name B-car_model O O B-compare
 B-car_name O B-car_name B-car_model O O B-compare
 O B-car_name B-car_model O O O B-review
 O O B-attr_value O B-attr_value O O O B-attr_slot
 B-car_model O O O B-attr_slot
 B-car_name B-car_model O B-car_model O O O
 B-car_name O O O B-attr_slot O O O O
 B-car_name B-car_model I-car_model O B-attr_slot
 O B-car_name O B-car_model O O O B-car_name B-car_model O O B-attr_slot O B-attr_slot B-compare O
 O O O O B-car_model O O
 O O B-car_model I-car_model O B-attr_slot O
 B-car_name B-car_model O B-car_name B-car_model O O O O B-compare
 B-car_name O O O O O O O
 B-car_name B-car_model O O O O B-attr_slot B-attr_slot O B-attr_slot O B-attr_slot O
 B-car_name B-car_model O B-attr_slot
 B-car_name B-car_model O B-car_model O O O O O
 B-car_name B-car_model O O B-car_name B-car_model O O B-attr_slot O O O O O O O O O O O O
 O B-car_name B-car_model O B-compare B-car_name B-car_model O O O O O O O O O O O O O
 B-car_model O O B-car_model I-car_model O O  B-compare
 B-car_model O B-car_model O O  B-compare
 O B-car_model O O O B-car_name O O B-recommend I-recommend
 O O O O B-car_model O O O B-car_name B-car_model O O B-car_name B-car_model O O O O O O O O O O O O
 B-car_name B-car_model O B-attr_slot O O
 B-price_from B-price_to O O O O B-attr_slot O O O
 B-car_name O B-review
 B-car_name B-car_model O O B-attr_slot O
 B-car_model O O B-attr_slot O O O B-attr_slot
 B-car_name O B-car_model B-review
 B-car_name B-car_model O O B-attr_value O O O O O O B-attr_value O B-attr_slot
 B-car_name B-car_model O B-car_model B-attr_value B-attr_value O O B-compare
 B-car_name B-car_model O B-car_name B-car_model O O B-compare
 B-car_name B-car_model O B-car_name B-car_model O B-compare
 B-car_name O B-attr_slot O B-car_model  O
 B-car_name O B-attr_slot O O O O O
 B-car_name B-car_model O O B-car_name B-car_model O
 O O B-car_name B-car_model O O B-attr_slot O O B-attr_slot
 O O O O O O O B-price_to O O O O O O O O O O O O O O O O O O O
 B-car_name B-car_model B-review
 B-car_name O O B-attr_slot B-review
 B-car_name B-car_model O B-attr_slot O O
 O B-car_name O O O O O
 B-car_name B-car_model O B-attr_slot O
 B-car_name B-car_model O B-attr_value O B-attr_value O
 B-car_name B-car_model O B-car_model O O O O O O O B-compare
 B-car_name O B-car_name B-car_model O O B-compare
 B-car_name B-car_model O O B-car_name O O B-compare
 B-car_name O B-car_name O O B-compare
 O B-car_model O O B-attr_slot O
 O B-car_name B-car_model O O B-attr_slot B-review
 B-car_name O O B-attr_slot O
 O O O O O O O O O O O O O O O O
 B-car_name B-car_model O B-car_name B-car_model O O
 B-car_name B-car_model O B-attr_slot
 B-car_name B-car_model O B-car_name B-car_model O O O B-compare
 B-car_name O O O B-review
 B-car_name O O O O O O
 B-car_name O O O B-attr_slot O
 O B-car_name B-car_model O O B-attr_slot O O O O
 O B-review
 O O O O B-attr_slot O O O O O O
 O B-car_name B-car_model O O O B-attr_slot
 B-car_name B-car_model I-car_model O B-car_model I-car_model O O B-compare O O O
 B-car_name B-car_model O B-car_name B-car_model O O O
 B-car_name O B-attr_slot O O
 B-car_name B-car_model O B-attr_value O B-attr_value O O B-compare
 O B-car_name O O B-car_name B-attr_slot B-attr_slot O
 B-car_name B-car_model I-car_model I-car_model O O O O O O O O O O O O O O O O O O O O O O
 O O O O O O O O O O O B-car_name B-car_model O O O B-car_name B-car_model B-attr_value O O B-recommend
 B-car_name B-car_model O B-car_name B-car_model O O B-recommend
 O B-car_name B-car_model O O O O O B-car_name B-car_model O O
 B-car_name B-car_name B-car_name B-car_name O O O O O O O O B-attr_slot
 O B-car_name O O B-car_name B-car_model O O B-compare O
 B-car_name O O B-review B-attr_slot O O B-attr_slot O O O O O O O O O O O O O
 B-car_name O B-attr_slot O O
 B-car_name B-car_model I-car_model O I-car_model O B-attr_slot O
 B-car_name B-attr_value O O O O O O B-attr_value O O O O
 B-car_name B-car_model I-car_model O B-compare
 O O O O B-car_name O O B-review O O O O B-car_model O O B-review O O O O O
 B-car_name B-car_model O O
 B-car_name O B-car_model O O O B-review O
 B-car_name B-car_model O B-car_name B-car_model O O O O B-attr_slot B-attr_slot B-attr_slot O B-attr_slot O O O O O O O O
 B-car_name O O
 B-car_name B-car_model O O O B-review
 O B-car_name O O O
 B-car_name O B-car_name O B-compare
 B-car_name O O O O O
 B-car_name B-car_model I-car_model O B-car_model O O B-compare
 O O O O O O O
 B-car_name B-car_model O O B-review O O O
 O O O O O O O O O O O O O
 O O O O O O O B-car_name B-car_model B-car_name B-car_model B-car_name B-car_model B-car_name B-car_model B-car_name B-car_model B-car_name B-car_model O O O O
 B-car_name B-car_model O B-car_model O O B-compare
 B-car_name O O B-attr_slot
 B-car_model O B-car_name B-car_model B-attr_slot B-review
 O B-car_name B-car_model O O O O O O O
 O B-car_name B-car_model O B-attr_slot O O O O
 O B-car_name O B-car_name O O B-compare
 B-car_name B-car_model O B-review
 B-car_name B-car_model O B-car_name O B-compare
 O O B-car_model O O O O B-car_name B-car_model O O B-attr_slot O
 B-car_name B-car_model B-review  O O
 O O B-car_name B-car_model O O O O B-attr_slot O O O
 B-car_name B-car_model B-attr_value O B-attr_value O O O O O B-attr_slot O O
 B-car_model O O O O
 B-car_name B-car_model O B-car_model B-car_name O O B-compare
 B-car_name B-car_model O B-car_name B-car_model O B-compare
 B-car_name O B-car_name B-car_model O B-compare
 B-car_name B-car_model O B-car_model O O B-compare O B-car_model O O B-compare
 B-car_name O B-car_name O O B-compare
 B-car_name B-car_model O B-review
 O O O B-car_name O O O O
 B-car_name B-car_model O B-car_name B-car_model O B-compare
 B-car_name B-car_model B-attr_value B-attr_value B-car_name B-car_model O O O B-review  O O O O O B-recommend B-recommend  O
 B-car_name O B-car_name B-car_model O B-compare
 B-car_name O O O O O O O O O O O O
 B-car_name B-car_model O O O B-attr_slot
 B-attr_slot O B-car_model O O O B-recommend
 B-car_name B-car_model I-car_model B-review
 B-car_name B-car_model O B-car_name B-car_model O B-compare
 B-car_name O B-review  B-review O O
 O O O O O
 B-car_name O O O O O O
 O B-car_name O O O O B-attr_slot O O O
 B-car_name O B-car_name B-car_model O O O
 B-car_name B-car_model O O B-attr_slot O O O B-attr_slot B-review
 B-car_brand B-car_name O O B-car_brand B-car_name B-compare  O O O O
 B-car_name B-car_model O O O
 O O O O O O O O O O O O B-review O O O O O B-compare B-review
 B-car_model B-car_name B-car_model O O B-review
 O B-car_name B-car_model O O O O
 B-car_brand B-car_name B-car_model O O O B-attr_value O B-attr_value O
 B-car_name O B-car_model  B-car_model  B-car_name O B-car_model O B-car_model O O O O
 O O O O B-price_from B-price_to O O O O O O
 B-car_name  B-car_model O  O B-review O O O O O O O O O O O O O O O B-attr_slot O B-attr_slot
 B-car_name B-car_model O B-car_name B-car_model
 B-car_name B-car_model O O O B-review
 B-car_name B-car_model O B-attr_slot I-attr_slot O
 B-car_name O B-car_name O O O
 B-car_name O B-car_name B-car_name B-car_name B-car_name O O O
 B-car_name O O O O O O O B-attr_slot
 B-car_name O B-car_name B-car_model O B-compare
 B-car_name B-car_model O O O
 B-car_name B-car_model I-car_model O B-attr_value O O O
 B-car_name O O B-attr_slot O O
 O O B-car_name B-car_name B-car_name B-car_name O O O O O B-attr_value B-attr_value
 B-car_name O B-car_name O O O B-compare
 B-car_name B-car_model O B-car_name B-car_model O B-car_name B-car_model O O O O O O O O O O O O O B-attr_slot O B-attr_slot O O
 O O O O B-car_name  O O O O O O
 O O B-compare B-car_name B-car_model O O
 B-car_name O B-car_name B-car_name  B-car_name B-car_name O O O O O
 B-car_name B-car_model O O O O O O
 B-car_name B-car_model O
 B-car_name B-car_model O B-attr_value
 B-car_name O B-car_name B-car_name O B-compare
 B-car_name B-car_name O B-car_name
 B-car_name B-attr_slot B-attr_slot O O
 B-car_name B-car_name B-car_model O B-car_model O O O B-compare O O O B-attr_slot O O O O
 O B-car_name B-car_model B-attr_slot O O O O
 B-car_name O B-car_name B-car_model B-car_model B-car_name B-car_model O O B-compare
 O O B-car_model O O O O O
 B-car_name O B-car_name O O
 B-car_name O B-car_model O O B-attr_slot
 B-car_name O  B-car_model O B-car_model  O O
 B-car_name B-car_model O O O O O O O O B-attr_slot O B-attr_slot O O O
 B-car_name B-car_model O O O B-car_name O O
 B-car_name B-car_model O O B-attr_slot
 B-car_name B-car_model O B-attr_slot O
 O O  B-car_name B-car_model  B-car_name B-car_model  B-car_name B-car_model O O
 O O O B-car_name B-car_model O B-attr_slot I-attr_slot O
 B-car_name B-car_model O O O B-review
 O O O O  B-car_name B-car_model O B-car_name B-car_model B-attr_slot O O
 O O B-price_to O O O O O O
 B-car_name B-car_model B-car_model I-car_model O B-car_model O O O O
 B-car_name B-car_model O B-review
 O O O O B-car_name  O O B-car_name B-car_model B-review
 O B-car_name B-car_model O B-car_name B-car_model O O B-attr_slot O
 B-car_brand B-car_name B-car_model O B-car_name B-car_model O B-attr_value O
 B-car_model O O O B-attr_slot B-attr_slot O
 O O O B-car_name B-car_model I-car_model O B-attr_slot O I-attr_slot O O
 B-car_name O O O O O  O O O
 O O O O O O O B-car_model B-review
 B-car_name O B-car_model O O B-car_model O B-compare
 B-car_brand B-car_name B-car_model I-car_model I-car_model O O O
 B-car_name  B-car_model  B-car_model O B-compare
 B-car_name B-car_model O O B-attr_slot O O
 B-car_name B-car_model O O O O
 B-car_name O B-car_model O O
 B-car_name O B-car_brand O O O B-car_brand O B-attr_slot
 B-car_model O B-attr_slot O O
 B-car_name B-car_model O B-review
 B-car_name B-car_model B-attr_slot B-attr_slot O O O O B-compare
 O O O O O O O B-car_name B-car_model O B-attr_slot
 B-car_name O O O B-user_value I-user_value O O
 O O B-price O O O
 B-car_name O B-attr_slot O O
 O O B-car_name O O O O B-attr_slot
 B-car_name B-car_model O O O B-attr_slot O O
 B-car_name O O O B-attr_slot O
 B-car_name O O O B-attr_slot
 B-car_name B-car_model O B-car_model O B-attr_slot O O
 B-car_name O B-car_name O O B-attr_slot O
 B-car_brand O O O B-attr_slot
 B-car_name O O O O O B-attr_slot
 O B-attr_value O O O B-attr_value O O B-attr_slot O O O
 B-car_name O O O B-attr_slot O O O
 O B-car_name O B-car_model O O  O O B-review
 B-car_name O B-car_name O O B-compare
 B-car_name B-car_model O B-car_model O B-car_model O O O O B-compare
 B-car_name O B-car_name B-car_model O B-compare
 B-car_name O B-car_name B-car_model O O B-compare
 B-car_name B-car_model O B-attr_value O B-attr_value O
 B-car_name B-car_model O B-attr_slot O  O O O O O O O
 O B-car_name O B-attr_value O O B-attr_value O
 B-car_model O B-car_name B-car_model O B-compare
 O B-car_model O   B-car_name   O B-compare
 O  B-car_name O O O O B-review  O O O O
 B-car_name B-car_model I-car_model O B-attr_value O
 O B-car_name B-car_model  I-car_model  O O O O O O O B-attr_slot O O O O O O O O O O
 B-car_name B-car_model O O B-attr_slot
 B-car_brand B-car_name O B-attr_slot O O  O O O O
 B-car_name B-car_model I-car_model O B-car_model O B-car_name O B-review O
 B-car_name B-car_model O O O B-review O
 B-car_name B-car_model B-attr_slot O O O O O O O O
 B-car_name B-car_model B-attr_slot
 O O B-car_model O B-car_name B-car_model I-car_model O B-attr_slot O O O O O B-attr_value O O
 B-car_name O O O B-attr_slot
 B-car_name B-car_model O B-car_name B-car_model O O B-review
 B-car_name B-car_model O B-car_name B-car_model O B-attr_value
 O B-car_name B-car_model O O O O O O O
 O O B-car_name O O O B-attr_slot
 O B-car_name B-car_model O O O B-attr_slot O
 B-car_name B-car_model O B-attr_slot O O
 B-car_name B-car_model O B-car_name B-car_model O O B-compare
 B-attr_slot O O O O O
 B-price_to O O O O O O O
 B-car_name B-car_model O O O O B-compare
 B-car_name O O O O O  O O O B-attr_slot
 B-car_name B-car_model I-car_model B-attr_slot O B-attr_slot O O B-compare
 B-car_name O O B-user_value O O
 B-car_name B-car_model  B-car_name B-car_model O O O O O O O O O O O B-compare
 O B-car_name B-car_model O B-attr_slot I-attr_slot O
 B-car_name B-car_model O O O B-car_name B-car_model O O B-compare
 O O O O O B-car_name  O O O O O  O O O O O O
 B-car_name O O O O B-attr_slot
 O B-car_name O O O O O B-attr_slot O
 O B-user_value O O O O O O O O B-recommend O O O O B-attr_value I-attr_value B-attr_value O O I-attr_value O O
 B-car_name B-car_model O O B-review
 B-car_name O B-review
 O B-car_name B-car_model B-review O
 O O O O O O B-car_name O B-car_name B-car_model
 B-car_name B-car_model O O O B-attr_slot O
 B-car_name B-car_model O O O B-review  O O B-attr_slot O
 B-price_from B-price_to O O O O O
 B-car_name O O B-attr_slot
 B-car_name O B-car_model B-review
 B-car_name O B-attr_value
 B-price O O O B-user_value O O O
 B-car_name  B-car_model  O B-attr_slot
 B-car_name O O B-attr_value O B-attr_value O
 B-car_name B-car_model O O B-attr_slot O
 B-attr_slot O B-car_name B-car_model O O O O O
 B-car_name O B-car_name  O O
 O B-car_name B-car_model  O B-attr_slot O O
 B-car_name B-car_model O B-car_name B-car_model I-car_model O O O O O
 B-car_name O B-car_name O B-compare
 B-car_name O B-attr_value O O B-attr_value
 B-car_name B-car_model O  O O O O B-attr_slot
 B-car_name O O B-attr_slot O O
 B-car_name B-car_model O B-attr_slot O O
 O O B-car_name O O O B-attr_slot B-review
 B-car_name B-car_model O B-car_name B-car_model O B-compare
 B-car_name O B-attr_slot O O
 B-car_name B-car_model O O O O O O O  O O B-attr_slot
 O O B-car_name B-car_model O O B-review O O O O B-attr_slot O
 B-car_name B-car_model O B-attr_slot B-review
 O O B-car_name B-car_model O O O O O
 B-car_name B-car_model O B-car_name B-car_model O O B-compare
 B-car_name O B-attr_slot O O
 B-car_name O O O B-attr_slot O O O O
 O O O O O O O B-price_from O B-price_to O  O
 O O O B-car_name O O O O B-attr_slot
 O B-car_name B-car_name O B-review
 B-car_name O O B-car_name O  O B-compare O
 B-car_name B-car_model O B-car_name B-car_model O O O O B-compare
 B-car_name B-car_model O B-car_name B-car_model B-recommend O O
 O O O O O O
 B-car_name O O O B-attr_slot O O  O O B-attr_slot O O O
 O O B-car_name B-car_model O O O O
 O B-car_model B-review  O O O
 B-car_name B-car_model B-review  O O B-attr_slot O
 B-car_brand B-car_name B-car_model O B-attr_slot O
 B-car_name B-car_model O B-attr_value O B-attr_value O O
 B-car_name B-car_model O O O O B-attr_slot O
 B-user_value O O O  O O B-review O  O B-user_value O O O O
 B-car_name O O O B-attr_slot O O
 B-car_name B-car_model O O O
 B-car_name B-car_model O B-car_model O B-compare
 O B-car_name O B-car_name O O B-compare
 O O B-car_name B-car_model O B-review
 O B-recommend O O O O O
 B-car_name O O B-car_brand O O O
 O O O O O  O O O O
 O O O B-car_name B-car_model O  O O O B-review O B-review O O
 B-car_name B-car_model O O O O O
 B-car_name B-car_model O O O O  O O O O
 B-user_value O B-user_value B-user_value B-car_name B-attr_slot
 B-car_name O B-car_name B-car_model O B-attr_slot
 B-car_name B-car_model O B-car_name B-car_model O O O O B-attr_slot B-attr_slot O O O O O O
 B-car_name B-car_model O O B-attr_slot O O
 B-car_name B-car_model B-review
 B-car_name B-car_model O B-attr_value O B-attr_value O
 B-car_name O B-car_name B-car_model O O B-compare
 O B-car_name O B-car_model O B-attr_slot O
 B-car_name O O B-attr_slot
 B-attr_value O O O O O
 B-car_name B-car_model O B-car_name B-compare O O
 B-car_name O O O O O O
 O O O  B-car_name B-car_model B-car_name O O O O O O O O B-attr_slot B-attr_slot O O
 B-car_name B-car_model O O O B-attr_slot O O
 B-car_name O B-attr_slot O
 B-car_name O B-car_name O O O
 B-car_model B-car_name O O B-review
 B-car_name B-car_model O O B-car_name O B-recommend O O O
 O O O O O O O O O O O O
 B-car_name O O B-car_name O O
 B-car_model B-car_name B-car_model O O O O  O O O O O O
 O B-car_name B-car_model O O O
 B-car_name B-car_model O B-car_name B-car_model O O B-compare O O O
 B-car_name B-car_model O B-car_name O O O
 B-car_name B-car_model O B-attr_value O O B-attr_value O O
 B-car_name O B-car_name B-car_model O O O
 B-car_name B-car_model O O O O B-attr_slot
 B-car_name B-attr_slot
 O O O O O O O B-car_name O B-car_name B-car_model O B-compare  O O O
 O B-car_name B-car_model I-car_model O B-review O O O O O O O
 O B-attr_value O B-car_model O O O B-attr_slot O O O
 O O B-car_name B-car_model O B-car_name B-car_model O O O O O O
 B-car_name B-car_model B-attr_slot B-review
 B-car_name B-car_model O O B-review
 B-car_name B-car_model O O O B-car_name B-car_model O O O
 B-car_brand B-car_name O B-attr_slot O O
 B-car_name O B-attr_slot O
 B-car_model B-car_name O
 B-car_name B-car_model O O O O
 B-car_name B-car_model O B-car_name B-car_model O O O O O B-attr_slot
 B-car_name O O O
 B-price O O O O
 O O B-car_name O O O O O B-attr_slot
 O O B-car_name B-car_model I-car_model O O B-attr_slot
 B-car_name O O O B-attr_slot O O  O O O
 O B-car_name O B-car_model B-attr_slot O O O O O
 B-car_name B-car_model O O O O O O
 B-car_name O O O O O O O O O O O O O
 O O O O O B-attr_slot
 O B-car_name O O O O O O O B-attr_slot O O
 B-car_name O O O O O B-attr_slot  B-attr_slot O
 B-car_name B-car_model O O O O O
 B-car_name O O O O B-car_name O O
 B-car_name O O O  B-attr_slot O
 B-car_name B-car_model O O O O
 O O O O O O O O O
 O B-car_name B-car_model O O O O O O O O
 B-car_name O O O B-attr_slot B-attr_slot O O O B-attr_slot O O
 O O O O O O  B-car_name B-car_model O O
 B-car_name B-car_model O O O B-attr_slot
 B-car_name B-car_model O O O O O O O O
 B-car_name B-car_model O B-review B-attr_slot O
 O B-car_name O O O O O O
 B-car_name B-car_model B-attr_value O
 B-car_name B-car_model B-attr_value O B-attr_value
 B-car_name B-car_model I-car_model I-car_model O O O O
 B-car_name B-attr_slot O O O O
 B-car_name O O O O O
 B-car_name B-car_model I-car_model O O O O O B-attr_slot O O
 B-car_name B-car_model O O O O O O
 B-car_name B-car_model O O O O O B-attr_slot
 B-car_name B-car_model O O O B-attr_slot
 O O O O  O O B-car_name O B-car_model O O  O O O O O B-attr_slot
 B-car_name O B-car_model O O
 B-car_model B-car_name B-car_model O O O B-attr_slot
 O O B-car_name B-car_model O O O   O O O
 O B-car_name B-car_model O B-car_model B-attr_slot O
 O O O O B-car_name O O O
 B-car_name B-car_model I-car_model I-car_model O I-car_model O O O
 B-car_name B-car_model O B-review O O O O O O O O  O O O
 B-car_name B-car_model I-car_model I-car_model O I-car_model O B-attr_slot
 B-car_name B-attr_slot O O O O O
 B-car_name B-car_model B-attr_value O B-attr_value O O  O B-car_name B-car_model O O O O O
 B-car_name O O O O B-user_value O O
 B-car_model B-car_name B-car_model O O O O O O B-attr_slot O
 B-car_name O O O B-review
 B-car_name O O B-attr_slot
 B-car_name B-review  B-review O O
 B-car_name O B-car_model O B-review
 B-car_name O O O O O B-attr_slot O O
 B-car_name B-car_model O O O
 O B-car_name B-car_model O O B-attr_slot O O
 B-car_name B-car_model I-car_model B-attr_slot O O B-attr_slot
 B-car_name B-car_model O B-attr_slot O
 B-car_name O B-attr_slot O B-attr_slot
 B-car_name B-car_model O O O B-attr_slot
 B-car_name O O  O O  B-attr_value O
 B-car_name B-car_model O O O O O O
 B-car_brand B-car_name B-car_model O B-review
 O B-car_name B-attr_value O B-attr_value O O B-compare
 B-car_name B-car_model O B-attr_slot B-review  O O O O
 B-car_name B-car_model I-car_model O O O O O O O O
 B-car_name B-car_model O O O O O B-attr_slot
 B-car_name  O O O O  O O O O O O
 B-car_name O O O O O
 B-price O O O
 O O B-price_to O O O O O O O O B-recommend B-attr_slot O O O O O O  O O O O  O O
 B-car_name B-car_model I-car_model B-review
 B-car_name O O O  O O B-attr_slot O O
 B-price O O O O O B-attr_slot O O
 B-car_model O B-car_name B-review
 B-car_name O O O
 B-car_brand B-car_name B-car_model B-attr_slot I-attr_slot O
 B-car_name B-car_model O B-attr_slot O O
 B-car_name O B-car_model I-car_model O B-attr_slot O O O
 O B-attr_slot O O  O O O  O O O O O O O O O O
 O B-car_name B-car_model O B-review O
 B-car_name B-car_model O B-attr_slot
 B-car_name B-car_model B-review
 B-car_name O B-car_name B-car_model O O B-compare O
 B-car_name B-car_model O O O O O B-attr_slot
 B-car_name B-car_model O  O O B-attr_slot O
 B-attr_value I-attr_value O O O O O O
 B-car_name O O O
 B-car_model B-car_name B-car_model O B-attr_slot O O
 O O B-attr_slot O
 B-car_name B-car_model O O O O O B-review
 B-car_name O O O O O O O O O O
 B-car_name O O O
 B-attr_value I-attr_value O O O O  O O O
 B-car_name O  B-car_model O O O B-attr_slot O
 B-car_name O O B-attr_slot O O  O B-car_name O
 B-car_name O B-review  B-car_name O B-car_name O O
 B-car_name B-car_model I-car_model O O O O
 B-car_name B-car_model O O O O O
 O O O O O O O B-car_name  B-car_name B-car_model I-car_model B-car_model B-car_name B-car_model  B-car_name B-car_name B-car_model B-car_name
 B-car_brand B-car_name B-car_model O O B-attr_slot  O O O B-attr_slot
 B-attr_value O B-attr_slot O
 O O B-car_name B-car_model O O O B-review  O O O O O O O O O O O O
 B-car_name O O B-attr_slot O B-attr_slot
 O B-car_name O O O O O O B-attr_slot O O O O B-attr_slot
 O O O B-car_name O  O O B-attr_slot
 B-car_name B-car_model O O O O
 B-price O O O O B-attr_slot O O
 B-price_from B-price_to O O O O
 B-car_name O O B-attr_slot O O
 O O O B-car_name O O O  O O O B-car_model
 B-car_name O O B-review O O B-attr_slot O
 O O O O
 B-car_name O O B-car_name O O O O O O
 O O O O B-attr_slot O O  O O O O O O O O O O O O O O O O O
 B-car_name O O O O O O O
 O O B-car_name B-car_model O O O O
 B-car_name B-car_model O B-review O O
 B-car_name O O B-attr_slot O B-attr_value O O
 B-price_from B-price_from O O O O O O O O
 B-car_name B-car_model O O O O O O O O O
 B-car_name B-car_model B-attr_value O O O
 B-car_name B-car_model O O
 B-price O O B-attr_value O O O
 B-car_name B-car_model B-attr_slot O B-car_model O O
 B-car_name O B-attr_value O O
 B-car_name O O O  O O O B-review O B-review B-attr_slot O O  O O O
 O O O O O O O O O O B-attr_slot
 B-car_name B-car_model O O O O O O B-compare
 O B-car_brand B-car_name B-car_model O O O O O O O O O  O O O O
 B-car_name O O O O B-attr_slot
 O O O B-car_name O O
 O O O O O O B-attr_slot O O O O B-car_name B-car_model B-review
 B-car_name B-car_model O O B-review
 O O O O B-attr_slot O O O
 O B-car_name B-car_model I-car_model O B-review
 B-car_name O O B-attr_slot
 O B-car_name B-car_model O O O O O
 B-car_name B-car_model O O O O O O
 B-car_name B-car_model I-car_model O O O O O O O O O O O O O
 B-car_name O O O O O B-attr_slot  B-attr_slot O O
 B-car_name O B-attr_value O O B-attr_slot
 B-car_name O O O O O B-attr_slot O O
 B-car_name O O O O
 B-car_name O O O O O O O O O O O
 B-attr_value O B-car_name O O O O
 B-attr_value O O O B-car_name O
 B-car_name O B-review
 B-car_name B-car_model B-car_model B-car_model B-car_model B-car_model B-car_model O O O B-compare
 B-car_name O O O O O
 B-car_name B-car_model I-car_model O O O O O O O O O O O
 O O B-price_from O B-price_to O O O O O O O
 B-price_from B-price_to O O O O O
 B-car_name O O O O O O O O O
 B-car_name O O O O O O O O O O O O O O O O O
 O B-car_name O B-review
 O B-car_name B-car_model O B-review
 B-car_name B-car_model B-car_model B-car_model O O O O O O
 B-car_name B-car_model O O B-review
 B-attr_value I-attr_value O B-attr_value I-attr_value O O B-compare
 O O O O O B-price O O B-car_name B-car_model B-attr_value O O O O O B-review
 B-car_name B-car_model O O B-review
 O O O O O O B-car_name B-car_model B-attr_value O O
 B-car_name B-car_model O O O B-attr_slot
 B-car_name I-car_name B-car_model I-car_model B-attr_slot O
 B-car_name B-car_model O O O
 O O B-car_name B-car_model O B-review
 B-car_name B-car_model O O O O B-compare
 B-car_name B-car_model O B-review
 B-car_name B-car_model O O O O B-review O  O O  O B-compare O O
 B-car_name B-car_model O B-attr_slot B-review
 B-attr_value I-attr_value O B-attr_slot O O O
 B-car_model O O O O O O O O
 O B-car_name O O B-review  O O
 B-car_name O O B-attr_slot O
 O O O O O O B-attr_slot
 B-car_name B-attr_slot I-attr_slot B-review
 B-car_name B-car_model O B-car_model O O O O
 O O O O O O
 O  O O O O O O O  O O  O O
 O O O O O O O
 B-car_name O O O O O
 B-price_from  B-price_to O O O O O O O
 B-car_name B-car_model B-attr_value O B-attr_value O O O
 B-car_name O B-attr_slot B-review
 O O O O
 B-car_name O O O O O O
 B-car_name B-car_model O O B-attr_slot
 B-car_name B-car_model O O O O  O O O O O O B-compare
 B-price O O O O O
 B-car_name B-car_model O O O B-car_model O O O O O O
 O O O O O O B-car_name B-car_model  O O O O O O O O O O O
 O O O O O O B-attr_slot O O
 B-car_name B-car_model O B-car_model O O B-compare O O O O O O B-car_model O O B-car_model
 B-car_name O O B-review O O
 O B-car_name O O O
 B-car_name B-car_model O B-attr_value O O O  O B-attr_value O O
 O O B-car_name B-car_model  B-car_name B-car_model O O O O O B-attr_slot
 B-car_name O O O O O O O
 B-car_name  B-car_name  B-car_name O O O O O O
 O O O  O O  O O O O
 B-car_name B-car_model  O  O O O O O O O O O O
 B-car_name B-car_model B-attr_slot O O B-car_model O O O O
 O B-attr_value O O
 O O O O O O B-car_name B-car_model O B-car_name B-car_model O B-car_name B-car_model O O
 B-car_name B-car_model O B-car_name B-car_model O O O O O O
 B-car_name B-car_model O O O  O O O O O B-car_name B-car_model O O
 O O O O O O  O B-car_name O O O O O  O
 B-car_name B-car_model I-car_model O B-attr_slot O O O O B-attr_slot O
 B-car_name B-car_model B-attr_slot O O O O O O O
 O O O B-car_name B-car_model O O O O O O
 B-price O O O O O B-attr_slot O O
 B-recommend O O O B-attr_slot O O O
 O O O O O O B-price O O O O O O O O  O O O O O O
 B-price_from B-price_to O O O O O O
 B-recommend O B-price_from B-price_to O O O  O
 O O O O O O O O B-recommend O O O  O O O
 B-price O O O O O O O B-car_name B-car_model B-car_name B-car_model B-car_name B-car_model I-car_model O O O B-recommend O O O O O
 B-user_value O B-car_name O O O O B-compare
 O O O O O O O
 B-price O O O O B-recommend O O O O O O O O O O
 B-recommend O B-price O O O  O O B-car_name B-car_model O  O O
 B-car_name O O B-attr_slot O O O O O O O O O
 O O O O O
 B-price O O B-attr_value O
 O O O B-attr_value I-attr_value
 B-user_value O O O O
 O O O O B-car_name B-car_model  O O O O O O O O
 B-price_to O O O O O O O O
 B-price_from B-price_to O O O O  O B-recommend O
 B-price O O B-attr_value I-attr_value I-attr_value O I-attr_value O O
 O O O  O  O O O  O O O O O O O O B-review O O O  O O O
 O B-attr_value O
 O B-car_model B-price_to O O O O O
 O B-recommend O O O O O
 O O O B-price_from O B-price_to O O O  O B-recommend O O
 O B-recommend O O O O B-price O O O O O O B-price_to O O B-attr_value I-attr_value I-attr_value O O O O O O O O O O
 O O O O B-price_from O B-price_to O O B-attr_value O O O O O
 B-recommend O B-attr_value O O B-attr_value O O O O O B-price_to O O
 B-price_from  B-price_to O O B-attr_value O B-recommend
 B-user_value O O O  O O O B-recommend O O O O B-car_model O B-car_model
 B-price_from  B-price_to O O B-car_model O  O B-attr_slot O
 O B-car_name O O O O O
 O O B-price_to O O O O O O
 O B-car_name B-car_model O O O O O O O O O O O
 O O O O O O O
 B-price O O O
 O O B-attr_value I-attr_value O O O B-car_model O O O O  O O B-price_to O O O
 B-price O O O O O O
 O B-car_name B-car_model O O O O O O O O
 O O  O O O O O O O O O O B-car_name B-car_model O O B-car_name B-car_model O O O
 O O O B-attr_value O
 B-attr_value O O O O
 B-car_name B-car_model B-attr_value I-attr_value O O  O O O
 B-price_from O O B-price_to O O O O O
 B-recommend O O B-user_value O O B-car_model
 B-price O O B-attr_value O O O O O O
 B-price_to O O O B-attr_value I-attr_value I-attr_value O O
 O O O O O  O O B-car_model  O B-recommend O O  B-price_from B-price_to O O O
 O B-car_model O O B-attr_value I-attr_value I-attr_value
 O B-car_name O O B-car_model O O
 O O O O O O O O O
 O O O B-car_name O O B-attr_value O O O O O O O O B-car_name O O O O O O B-attr_slot O O O
 B-car_name O O O O O
 O O B-car_model O O B-car_name B-car_name B-car_name B-car_name B-car_name  B-car_name  O O O O O O O O O
 B-car_name B-price_from B-price_to O O O O O
 B-car_model O B-attr_slot O O O
 B-price O O O O  O O O B-attr_value I-attr_value O
 B-car_model B-price_from O O B-price_to O O O O O
 O O O B-car_name O B-attr_value O O
 B-car_name B-car_model O B-attr_value I-attr_value I-attr_value B-review
 B-attr_value O O O O O O O O O B-car_name  B-car_name   B-car_name
 O O O O O O
 O O O O O O B-attr_value O B-attr_value  O O B-attr_value O  O O O O  O O
 O O O  O O O B-car_name B-car_model O  O O O O O O O  O O O O O
 B-price O B-attr_value I-attr_value O O O  O O O O O O O O O
 B-car_name O O O O O O
 B-car_name B-car_model O B-attr_value I-attr_value  O O
 O B-car_name B-car_model O O O O O
 O O O B-price O O O O O O B-attr_value O
 O O O B-car_name O O B-attr_value O O O O O O O O B-car_model O O O O O O O
 B-price_from  B-price_to O O  O B-user_value O O O O O
 B-price_to O O O B-attr_value O
 B-price O O O B-attr_value I-attr_value O O O B-attr_value O O O O O O
 B-price O O O O O
 O O O O  O O O O
 B-recommend O B-price O O B-attr_value O O O
 O  O O O O O B-price_from  B-price_to O O O O
 O O O O
 B-price_to O O O B-attr_value O O O O
 B-car_name O O O O
 B-price O O O O O O O
 O B-price_to O   O O O O O
 O O B-price_to O O O O O
 O O O B-attr_value O O
 B-price_to O O O O O O O
 O O O O O B-price O O O O O
 B-attr_value O O O O O O
 O B-price_to O O O O O
 B-price_to O O O O O O O  B-car_model O O
 O O O  O B-user_value  O O O O O O  B-price_from  B-price_to O O O O  O O O  O O  O O O O O
 O  B-price_to O O O O O O O  O O
 B-price_from O B-price_to O O
 O B-recommend O B-user_value O O O
 B-price O O O O O
 B-price_to O O O O O O O O
 O O O O O
 O O O B-price_from  B-price_to O O O O O O O O O B-car_model O O O O O B-car_model O B-car_model O O O
 B-price O O O O O O O
 O B-price_from O B-price_to O O O O O
 O O B-car_model  O B-recommend O
 B-price_from O B-price_to O O O O O O
 O O O O O B-car_model  O O O B-price O  O O O O  O  O O  O O O O O O O O
 O B-car_model O O O O B-attr_slot
